Profit: -0.28937611568404975, Difference: -0.361238257760121
Profit: -0.8529691200426726, Difference: 0.019928405014667305
Profit: -0.41654924592042164, Difference: 0.08759651929129575
Profit: -0.28906606472119734, Difference: -0.0371833407773039
Profit: -0.33904501162587053, Difference: 4.8329054848750275e-05
Profit: -0.26903196054307443, Difference: -0.06417223518047876
Profit: -0.31670649481760904, Difference: 0.009370112934277586
Profit: -0.4619434115063399, Difference: 0.05663616306601682
Profit: -0.32142437450042394, Difference: -0.02904079765505685
Profit: -0.43507572634848657, Difference: -0.021117148804961516
Profit: -0.29950476204682275, Difference: -0.014884636966357334
Profit: -0.4553116582805501, Difference: 0.04632104177947838
Profit: -0.3220757936459222, Difference: 0.04130557330201157
Profit: -0.4409102638760487, Difference: -0.019452509364072057
Profit: -0.3206069943464769, Difference: -0.020628210155521742
Profit: -0.9707671430894322, Difference: 0.26739154520207364
Profit: -0.36114278435056235, Difference: 0.01250222740050333
Profit: -0.6606038306271103, Difference: 0.0565231272656348
Profit: -0.47712119258807206, Difference: -0.08689728102831396
Profit: -0.5101013382512605, Difference: 0.012803917934505193
Profit: -0.2590816188919405, Difference: 0.004524287197298804
Profit: -0.4666924212315564, Difference: 0.008522378298877697
Profit: -0.3218389370398427, Difference: 0.014811159271431507
Profit: -0.21954746367818245, Difference: -0.045023582759952774
Profit: -0.4452761969505019, Difference: 0.052712175783128146
Profit: -0.8142346765169322, Difference: 0.05372989099539893
Profit: -0.6897495403351144, Difference: 0.11301308729406401
Profit: -0.2954053275730928, Difference: -0.02506252600959158
Profit: -0.7081118653636764, Difference: 0.04362381706592089
Profit: -0.619047754455238, Difference: 0.008639526549927723
Profit: -0.9742365983197203, Difference: 0.007558431790002373
Profit: -0.45609835263796583, Difference: 0.04488008913729402
Profit: -0.41646951787134867, Difference: 0.033138936804220975
Profit: -0.5191187149570311, Difference: 0.19477490186281443
Profit: -0.7768548806099602, Difference: 0.11291396315149882
Profit: -0.3535646471712539, Difference: 0.02698610421163039
Profit: -0.32655155071694253, Difference: 0.07967022295744641
Profit: -0.702035601671767, Difference: 0.09619337136709305
Profit: -1.1129151212540904, Difference: 0.14066441661273643
Profit: -0.2750986745414252, Difference: 0.015623614587639167
Profit: -0.5958009705628058, Difference: 0.20680446578633394
Profit: -0.4499328541946852, Difference: 0.07724876117772794
Profit: -0.5314224297984964, Difference: 0.0835619045717948
Profit: -0.3737766756472496, Difference: -0.06784109387798765
Profit: -0.3713616584041972, Difference: 0.08158040466905447
Profit: -0.6060682905252008, Difference: -0.29137685466196217
Profit: -0.48803689145729834, Difference: 0.090864828284964
Profit: -0.30417130924050184, Difference: -0.03549037053683435
Profit: -0.4187722600705257, Difference: -0.0868065139188019
Profit: -0.38962579229318806, Difference: -0.007042409427313601
Profit: -0.658031799548823, Difference: 0.007417426104652236
Profit: -0.43123834805962247, Difference: 0.016027875653151114
Profit: -0.5694202215482846, Difference: 0.03012168634113266
Profit: -0.5035680053058798, Difference: 0.01035957687342659
Profit: -0.5716893986787, Difference: 0.3135018282360704
Profit: -0.40141688819112176, Difference: 0.047046277797122116
Profit: -0.34037867922607745, Difference: 0.05103479896938268
Profit: -0.624122673350044, Difference: 0.14135971170219364
Profit: -0.8452172039642107, Difference: 0.14104521023618588
Profit: -0.3135499943766149, Difference: -0.011261925690874364
Profit: -0.8470254226210159, Difference: 0.1410426380901697
Profit: -0.535383555607396, Difference: 0.14148594088820232
Profit: -0.31968128708612653, Difference: -0.006746716579414169
Profit: -0.3707670700004684, Difference: 0.05916655509936675
Profit: -0.31400726013372093, Difference: -0.5744747564705932
Profit: -0.5054203226444969, Difference: 0.14225444287571065
Profit: -0.46291775096013055, Difference: 0.06325607766724772
Profit: -0.7624936876486004, Difference: 0.024149283725719783
Profit: -0.5531395455113568, Difference: 0.045886478887624094
Profit: -0.5024987375710168, Difference: -0.03671242256685048
Profit: -0.7662911191068531, Difference: 0.14971216382868135
Profit: -0.43810049767883186, Difference: -0.10361794705519856
Profit: -0.38587629010181956, Difference: 0.0013357824025490572
Profit: -0.7093367691975629, Difference: -0.06505175577471789
Profit: -0.361642028313085, Difference: -0.053280146120172844
Profit: -0.6456262867377944, Difference: 0.14132912334744674
Profit: -0.5013133403485881, Difference: -0.06222882833959886
Profit: -0.5599823019979198, Difference: 0.19754598693390335
Profit: -0.4522719666371273, Difference: 0.05661752208915516
Profit: -0.7624534094499751, Difference: 0.11183903600579015
Profit: -0.8467535526694832, Difference: 0.3731339648866907
Profit: -0.36862660357427046, Difference: -0.08165552027394085
Profit: -0.44011984282772687, Difference: 0.1162215806352691
Profit: -0.5030467942688404, Difference: 0.09435462608414014
Profit: -0.7917356598455285, Difference: -0.040837295332252666
Profit: -0.5779247453193364, Difference: 0.1870273572129264
Profit: -0.644458346105452, Difference: 0.06186043931569429
Profit: -0.43840191269023876, Difference: 0.010162727613618472
Profit: -0.3014147487739365, Difference: 0.01052195250395016
Profit: -0.6342622243849689, Difference: -0.2515914204717262
Profit: -0.3391174022343364, Difference: -0.1698525662674797
Profit: -0.5889479289662631, Difference: 0.1414097469004787
Profit: -0.4760873482319141, Difference: -0.1483120836252141
Profit: -0.41212000909631286, Difference: -0.002576737088688219
Profit: -0.5853384386108189, Difference: -0.1456556966671343
Profit: -0.8597098046486593, Difference: 0.43165996905479176
Profit: -0.8885872032950886, Difference: 0.14098351749179017
Profit: -0.7743412124538764, Difference: 0.3815657034960793
Profit: -0.43671037949856384, Difference: 0.006635279554089379
Profit: -0.2746587075869513, Difference: -0.06997556324049015
Profit: -0.3600454469928849, Difference: -0.1879352636139231
Profit: -0.3688762903219782, Difference: -0.06338778504182585
Profit: -0.502498737571031, Difference: 0.01885812148240973
Profit: -0.5172934650530863, Difference: 0.11349182807707336
Profit: -0.6857775794083523, Difference: 0.14127200913313231
Profit: -0.6024069111047794, Difference: 0.09392327532378886
Profit: -0.5170726910189387, Difference: 0.08650125362471783
Profit: -0.44731340958794874, Difference: 0.09398745595061087
Profit: -0.7030776935004468, Difference: 0.10370075462387263
Profit: -0.4696309054943697, Difference: -0.02006771539626584
Profit: -0.4585984390928246, Difference: 0.07469382571994743
Profit: -0.2843212566948239, Difference: -0.059469813393704385
Profit: -0.46294497042237026, Difference: -0.049315842905897966
Profit: -0.555047348449861, Difference: 0.1937879033849157
Profit: -0.32689781476656776, Difference: 0.03258727500998759
Profit: -0.4171292494987995, Difference: 0.040204643620910474
Profit: -0.5624603763409226, Difference: 0.06692341112774614
Profit: -0.44606226493209533, Difference: -0.15676500623858658
Profit: -0.31593535127177574, Difference: -0.11993285555968214
Profit: -0.21747861178032224, Difference: -0.008415146070618107
Profit: -0.24416492996311945, Difference: -0.01034764163358659
Profit: -0.25845125170184247, Difference: 0.008508379395664178
Profit: -0.4281250555784766, Difference: 0.04871840366547531
Profit: -0.5276438538304973, Difference: 0.09680088983382973
Profit: -0.28658216326597596, Difference: -0.020591333380437504
Profit: -0.276343338034593, Difference: -0.08627198617362808
Profit: -0.382799734199466, Difference: -0.06604655577285712
Profit: -0.3784234661564625, Difference: 0.01411475752637159
Profit: -0.27208169797869175, Difference: 0.001894011683731378
Profit: -0.6090545919079915, Difference: 0.20570205148897003
Profit: -0.34901127667035325, Difference: -0.01774313837729835
Profit: -0.2508317985576838, Difference: -0.010624904834202198
Profit: -0.6944895886853146, Difference: -0.048075147411537955
Profit: -0.41587260878007726, Difference: 0.14156295600825786
Profit: -0.6350684560807451, Difference: 0.14931218005780522
Profit: -0.24277750613798332, Difference: -0.05517852751606256
Profit: -0.4746042882874093, Difference: 0.055873346701005744
Profit: -0.43284712792166147, Difference: 0.055521327862791736
Profit: -0.33661423674180924, Difference: 0.03819580343525786
Profit: -0.46664288336010884, Difference: -0.031829892832035966
Profit: -0.39451493032814255, Difference: 0.25723827113931463
Profit: -0.28210859562763346, Difference: -0.26178452705113386
Profit: -0.5212246752182637, Difference: 0.06330284219511384
Profit: -0.6209907382141608, Difference: 0.06389517208808115
Profit: -0.29042739096188086, Difference: 0.019168211160703663
Profit: -0.28866751584497763, Difference: -0.012970216762383302
Profit: -0.3706315778359226, Difference: -0.02021392903071728
Profit: -0.3227062907649554, Difference: 0.012449246088721111
Profit: -0.3083168500264861, Difference: 0.009381482698913146
Profit: -0.3224786841701217, Difference: -0.03826524722138913
Profit: -0.5213502966087304, Difference: 0.03788560926933826
Profit: -0.2768297129889987, Difference: -0.019787017833536424
Profit: -0.38091939942476927, Difference: 0.0026081534027326825
Profit: -0.2380329995296364, Difference: -0.04077088038647503
Profit: -0.4461492728909491, Difference: 0.056123953197811716
Profit: -0.27975388728418693, Difference: 0.010927766769427194
Profit: -0.41277630090871753, Difference: -0.06391608669578375
Profit: -0.37105194725458546, Difference: 0.061332085542190384
Profit: -0.6473202946531558, Difference: 0.03832005923611348
Profit: -0.5773925468338206, Difference: 0.14988792515416094
Profit: -0.5821815557697221, Difference: 0.061342699868248474
Profit: -0.5140924435598606, Difference: -0.0883230486305564
Profit: -0.36659562989351, Difference: -0.06090899178614961
Profit: -0.5353935975189756, Difference: 0.06695080247502005
Profit: -0.4474743205407634, Difference: -0.23037047076508088
Profit: -0.46168198336663124, Difference: 0.06023743007493465
Profit: -0.5095834065090088, Difference: 0.06523300580329305
Profit: -0.4061457105508026, Difference: 0.07386327498032585
Profit: -0.6860709268588607, Difference: 0.03478215149073094
Profit: -0.6044068816286199, Difference: -0.05286788093857808
Profit: -0.35425783147415757, Difference: -0.18685021199661378
Profit: -0.4938113818261911, Difference: 0.06604071363729247
Profit: -0.32210398580581057, Difference: -0.22645179756949574
Profit: -0.6446368536532532, Difference: -0.23368905037739296
Profit: -0.24502761566270692, Difference: 0.008974250699779418
Profit: -0.23721509156979437, Difference: -0.03237797313531132
Profit: -0.39391496221260525, Difference: 0.09962310325626333
Profit: -0.7252413000313851, Difference: 0.22557472994581929
Profit: -0.7732001206594106, Difference: 0.06557465433770915
Profit: -0.28851156988775983, Difference: -0.04867026191129753
Profit: -0.29019175133412034, Difference: 0.02889429085176687
Profit: -0.2524457169422192, Difference: -0.07801718340640207
Profit: -0.25679420452314616, Difference: 0.06403529891417747
Profit: -0.4650331174740643, Difference: -0.06180616402697581
Profit: -0.5233576691066162, Difference: -0.427772014371385
Profit: -0.2850083369651486, Difference: -0.03955770718353335
Profit: -0.3766913536315286, Difference: 0.07416800377109212
Profit: -0.28406898042373996, Difference: -0.015015473722613137
Profit: -0.7022313824856639, Difference: 0.23981772321164385
Profit: -0.4185703013358477, Difference: -0.04071590054851981
Profit: -0.6373886783500353, Difference: -0.23960241543412053
Profit: -0.31436636946568797, Difference: -0.010662229309716054
Profit: -0.3055952437245537, Difference: -0.10154416011609158
Profit: -0.6545316904958725, Difference: -0.11681302508085878
Profit: -0.36313020515915184, Difference: 0.14007562846461497
Profit: -0.33556542038051873, Difference: 0.06884481069666037
Profit: -0.465736170629782, Difference: 0.11126517656458645
Profit: -0.8131100949389491, Difference: -0.00968756255184644
Profit: -0.31270613523075497, Difference: -0.15615622788867256
Profit: -0.679455616150932, Difference: 0.32766478553882905
Profit: -0.4138256241348728, Difference: 0.03506538907032564
Profit: -0.856263143261998, Difference: 0.033694542172611364
Profit: -0.25276028707654064, Difference: 0.008932876823550373
Profit: -0.4162327966437971, Difference: -0.10076368146145853
Profit: -0.6515271898782089, Difference: 0.05464597038184138
Profit: -0.4080692567113715, Difference: 0.027651843908060414
Profit: -0.5541285173952986, Difference: -0.058469373825118964
Profit: -0.3759870388710027, Difference: -0.02151820833420004
Profit: -0.3480829744633951, Difference: 0.005623309718060909
Profit: -0.37413513207734184, Difference: -0.013540638841178065
Profit: -0.46044413765324066, Difference: 0.02343153473913162
Profit: -0.28033732166991854, Difference: -0.004947069332956744
Profit: -0.6602030307672067, Difference: 0.045842149259669895
Profit: -0.3710057453033784, Difference: 0.09611696359900179
Profit: -0.3885793209544488, Difference: 0.10449703271457622
Profit: -0.27500268213721313, Difference: -0.02377719139812484
Profit: -0.49421773359567567, Difference: 0.008461457572735753
Profit: -0.6614138629673363, Difference: 0.04471779257073649
Profit: -0.39717908402215585, Difference: -0.07095898433504999
Profit: -0.26652068841697485, Difference: -0.013940061666460224
Profit: -0.3052301570666316, Difference: 0.03432744477173344
Profit: -0.4393400720426399, Difference: 0.1045835371283772
Profit: -0.5016399394220343, Difference: 0.05102744568482365
Profit: -0.3402739568276303, Difference: 0.0510162491847268
Profit: -0.44904245719823166, Difference: 0.05105442015120332
Profit: -0.3221619587319111, Difference: -0.022364085942101042
Profit: -0.4899838011261295, Difference: 0.1784916246508601
Profit: -0.282755284211774, Difference: 0.020857195303889853
Profit: -0.37389830702716154, Difference: -0.04805850416593671
Profit: -0.334809447006279, Difference: -0.06303470255393506
Profit: -0.6680690193334584, Difference: 0.09596393677087178
Profit: -0.364518962574536, Difference: 0.012763414419822539
Profit: -0.6944436590760859, Difference: 0.21100295250884926
Profit: -0.3623680136082186, Difference: 0.05506674471459405
Profit: -0.5215686260249015, Difference: 0.15626219360031257
Profit: -0.26614056145137965, Difference: 0.028240434180546004
Profit: -0.4614607740078327, Difference: 0.04734143742328456
Profit: -0.33547303625859115, Difference: -0.1286450045558638
Profit: -0.23760950316162166, Difference: 0.052009297187112224
Profit: -0.3928626268622253, Difference: 0.04831309332449507
Profit: -0.413950041029608, Difference: 0.051541832794384845
Profit: -0.25495614093597396, Difference: -0.05621765498906939
Profit: -0.22888991992347485, Difference: -0.0451186601230944
Profit: -0.32047764731053974, Difference: -0.004411667467394409
Profit: -0.32867405300960684, Difference: -0.040964741560173934
Profit: -0.5993986600449972, Difference: -0.09169450908640897
Profit: -0.5654975135063296, Difference: -0.219044256902734
Profit: -0.39309048141778646, Difference: -0.061000835094048966
Profit: -0.4560552851027495, Difference: -0.0338571153657341
Profit: -0.5861925151264273, Difference: 0.08622268744518635
Profit: -0.6175993271431395, Difference: 0.05195173314332635
Profit: -0.36977988709857357, Difference: 0.11316442357922085
Profit: -0.429301713700184, Difference: -0.19086440373718006
Profit: -0.3884577315456994, Difference: -0.3980265199355415
Profit: -0.9546339819181782, Difference: 0.7489047994627924
Profit: -0.5373839597874337, Difference: 0.17513989211914804
Profit: -0.5203698346868322, Difference: -0.20694404784660492
Profit: -0.3661967397552104, Difference: 0.12829661248437674
Profit: -0.38187918384129205, Difference: -0.03083233304325006
Profit: -0.47759823567014337, Difference: 0.10280081693738907
Profit: -0.5663339217027925, Difference: 0.11465786613324269
Profit: -0.694560523582183, Difference: 0.45223439365506124
Profit: -0.39441189316524117, Difference: 0.02001633749712539
Profit: -0.5616273103719323, Difference: 0.26171821187594446
Profit: -0.5016752136443898, Difference: 0.02928139059109469
Profit: -0.5637806967590251, Difference: 0.08156522286110146
Profit: -0.4909050618774131, Difference: -0.08886561539634386
Profit: -0.6564213917299071, Difference: 0.06889892693104116
Profit: -0.679201121778604, Difference: 0.030757373632340546
Profit: -0.47276987561312467, Difference: 0.045099727659916766
Profit: -0.4439196982070399, Difference: 0.19745630056087293
Profit: -0.2614879410256066, Difference: -0.03504857483591195
Profit: -0.33508636541516523, Difference: -0.1064098840449077
Profit: -0.2647073776631146, Difference: -0.0636224993110659
Profit: -0.7750233430161018, Difference: 0.062065597303714526
Profit: -0.9573748793116579, Difference: 0.32534509072314677
Profit: -0.5260161514779469, Difference: 0.08932925923495816
Profit: -0.4278119819195325, Difference: 0.06157875393225254
Profit: -0.5180176693574339, Difference: -0.07125643605064624
Profit: -0.3322866088822565, Difference: -0.034723254411019866
Profit: -0.5221994198430195, Difference: -0.041454502930577064
Profit: -0.6050754355883612, Difference: 0.20347993369301776
Profit: -0.3925204839527794, Difference: -0.0006596708385018246
Profit: -0.4477142743597824, Difference: 0.06940302833774581
Profit: -0.7340910899014403, Difference: -0.26413698748058323
Profit: -0.5895165233598618, Difference: 0.07010077034588846
Profit: -0.4512257128185695, Difference: -0.2284779996029016
Profit: -0.4230710141297038, Difference: -0.09450352081213964
Profit: -0.9731216113107877, Difference: 0.15084098269342405
Profit: -0.701006985982545, Difference: 0.2533098393999751
Profit: -0.34769372382417885, Difference: -0.1433259067089523
Profit: -0.3941860642601256, Difference: 0.010759800251292972
Profit: -0.4536813394596493, Difference: 0.02132540886546508
Profit: -0.29492314766466166, Difference: -0.036161358608168825
Profit: -0.5074660894634206, Difference: 0.11568517216583984
Profit: -0.4730356225198875, Difference: 0.20269685936293058
Profit: -0.35406224265699393, Difference: 0.061483453857604786
Profit: -0.47149527174971695, Difference: -0.10091975554841781
Profit: -0.7092860861926766, Difference: 0.06126427393631673
Profit: -0.4023384032981454, Difference: 0.1463120711901098
Profit: -0.3127722821578942, Difference: 0.07745165326774384
Profit: -0.4294463011859193, Difference: -0.012307664884502856
Profit: -0.5356458684841385, Difference: -0.02231426443165674
Profit: -0.6022654044497955, Difference: -0.22755955091116675
Profit: -0.4229898945744708, Difference: -0.05169722802202159
Profit: -0.45415041219150964, Difference: 0.015384746017275575
Profit: -0.31407072826522153, Difference: 0.005089660579187694
Profit: -0.37148741568968546, Difference: 0.08322782356638925
Profit: -0.39263969128204224, Difference: 0.02028929464096052
Profit: -0.6855494665109205, Difference: -0.3024416372465879
Profit: -0.617593160552758, Difference: 0.1318368845297897
Profit: -0.61033450602865, Difference: 0.03970919852636712
Profit: -0.3286516023633368, Difference: -0.2835710338963793
Profit: -0.39936633446014014, Difference: -0.014225877948618404
Profit: -0.33281459244425093, Difference: -0.02408794425583949
Profit: -0.6595931496014913, Difference: 0.4114569741985008
Profit: -0.3289118797126065, Difference: -0.2617066130900838
Profit: -0.45101214512698107, Difference: 0.07214196461535494
Profit: -0.6819933598079047, Difference: -0.3097349863588903
Profit: -0.4225663603443195, Difference: 0.30107475101134185
Profit: -0.4033699899772074, Difference: 0.0668988294850692
Profit: -0.4234908340138901, Difference: 0.13489663873485824
Profit: -0.5836700163394397, Difference: 0.1319939607698899
Profit: -0.8273739777786915, Difference: 0.23442884178545853
Profit: -0.5978528984064013, Difference: 0.13439651229863614
Profit: -0.9120579327814653, Difference: 0.23616141971345428
Profit: -0.45412842292857647, Difference: 0.0872714234874934
Profit: -0.7974865301916054, Difference: 0.07996092276343347
Profit: -0.35872420482036205, Difference: -0.07909997029159399
Profit: -0.603093864402382, Difference: 0.18626127820039073
Profit: -0.3074589524657938, Difference: -0.04047290260585612
Profit: -0.5202436192391957, Difference: 0.11006005081658543
Profit: -0.5780495984790122, Difference: 0.01624654954346738
Profit: -0.30932787040188714, Difference: 0.05201121921653851
Profit: -0.428831708142269, Difference: 0.15039055872873064
Profit: -0.5499861632836485, Difference: -0.2507973606280274
Profit: -0.4539150190218919, Difference: 0.11536194498296481
Profit: -0.37270050218072015, Difference: 0.0772508508990768
Profit: -0.5825447316958048, Difference: -0.19947425370193628
Profit: -0.4375268770433678, Difference: 0.05449713110404275
Profit: -0.4912845381379327, Difference: 0.09712061057182098
Profit: -0.6887423529406647, Difference: 0.2993947621138915
Profit: -0.5874982846805779, Difference: 0.08544974025905105
Profit: -0.5982781393060179, Difference: 0.0615723997064066
Profit: -1.9641190744571162, Difference: 0.9761279706996078
Profit: -0.3943183217726869, Difference: -0.009409764063178727
Profit: -0.3798177051048697, Difference: 0.024693068259111328
Profit: -0.4231704898501931, Difference: 0.04445045980357065
Profit: -0.423328186907483, Difference: -0.01279602332937202
Profit: -0.47505905955163996, Difference: 0.13672147710605032
Profit: -0.3642897679158068, Difference: 0.07631599978222425
Profit: -0.43557767937200254, Difference: -0.03728337810099447
Profit: -0.5997761655980582, Difference: 0.045540941935058754
Profit: -0.5062827205438793, Difference: 0.15576927178209132
Profit: -0.2490054490604905, Difference: 0.033448457259481756
Profit: -0.3085460881483044, Difference: -0.05013139974326464
Profit: -0.3159472691521046, Difference: 0.05224618500230349
Profit: -0.7612276973512593, Difference: 0.0845276016153349
Profit: -0.3843082604864776, Difference: -0.0333371699055931
Profit: -0.45173248789673437, Difference: 0.07050888051782067
Profit: -0.31480918327606844, Difference: -0.07774887729097202
Profit: -0.3496198358264735, Difference: -0.020173823947786218
Profit: -0.27486833810448275, Difference: -0.017536238239287627
Profit: -0.42122971761163797, Difference: -0.1845678656778773
Profit: -0.33282669289594935, Difference: 0.03791965141213893
Profit: -0.6878621810384828, Difference: 0.3150344461629402
Profit: -0.27342446557496203, Difference: 0.027657317894153266
Profit: -0.36211553488479353, Difference: 0.12800626505595858
Profit: -0.29641264377760024, Difference: 0.07924200830903771
Profit: -0.49191647436892083, Difference: -0.055892599224236506
Profit: -0.43239297099502494, Difference: 0.017374931589515086
Profit: -0.8668652038956992, Difference: 0.32971443385459054
Profit: -0.8846884931434715, Difference: 0.19342917229388945
Profit: -0.27064511883891385, Difference: 0.008160502047630303
Profit: -0.3285515943351953, Difference: -0.04646369368155945
Profit: -0.4506683191265779, Difference: 0.07227815936859372
Profit: -0.3866356432447873, Difference: -0.02627835076079066
Profit: -0.6419655872663412, Difference: 0.18570912956323582
Profit: -0.513417883534899, Difference: 0.17203494888039472
Profit: -0.5420907207531656, Difference: 0.055578497496043155
Profit: -0.22922592926252605, Difference: -0.020811664832805832
Profit: -0.733877693737611, Difference: 0.3613098613866015
Profit: -0.7495007435560836, Difference: -0.03946522447986922
Profit: -0.3018766943617379, Difference: -0.009790909203857723
Profit: -0.47343972692335967, Difference: -0.05650311273095099
Profit: -0.3968170101660604, Difference: 0.05377102899144859
Profit: -0.6546152252380892, Difference: 0.5613503356517953
Profit: -0.2487463122726581, Difference: 0.008154236110968327
Profit: -0.8461446401705359, Difference: 0.04384734256667855
Profit: -0.3015213965920651, Difference: 0.05053270014033728
Profit: -0.5742769455798111, Difference: -0.012727215978316053
Profit: -0.3703696276573254, Difference: 0.01808550977537493
Profit: -0.6926700328364035, Difference: 0.11686676404960394
Profit: -0.7725588841329198, Difference: 0.05354097552721271
Profit: -0.3181387681877794, Difference: -0.025814680335884077
Profit: -0.39729337870228676, Difference: -0.08612480830893787
Profit: -0.29189580953271843, Difference: 0.014717969016018628
Profit: -0.34206814305900934, Difference: 0.04364809321384655
Profit: -0.2669935182001808, Difference: 0.017799887763928268
Profit: -0.5733949366173476, Difference: -0.07893182215137529
Profit: -0.737845539959622, Difference: 0.18574642606559166
Profit: -0.46584252375390633, Difference: 0.08931946399354729
Profit: -0.9549241058908962, Difference: 0.331519467562444
Profit: -0.48844890856933887, Difference: 0.0530204344669869
Profit: -0.3206622351807624, Difference: -0.042867737658028204
Profit: -0.49257447924057374, Difference: 0.1366707705532093
Profit: -0.6834291217666504, Difference: -0.030742493737307086
Profit: -0.5539508262453978, Difference: 0.05508179573124039
Profit: -0.3670940660538946, Difference: -0.04619263271700902
Profit: -0.27172317125787515, Difference: -0.17142771410279067
Profit: -1.4071699924186163, Difference: 0.7851855196364426
Profit: -1.0534060079534129, Difference: 0.1674347324873935
Profit: -0.2941384000965286, Difference: -0.134224141950952
Profit: -0.7416005474883747, Difference: -0.04091655017479923
Profit: -0.5581603387320797, Difference: -0.10970893539536064
Profit: -0.2883568977906634, Difference: -0.029984841265104478
Profit: -0.3292944063216936, Difference: 0.02590346877637728
Profit: -0.3970700737746711, Difference: -0.019363323470130922
Profit: -0.3330373780756446, Difference: -0.043636558452163854
Profit: -0.7328391144243085, Difference: -0.06267874535754459
Profit: -0.3350070419680975, Difference: -0.1583258146353046
Profit: -0.474435134054616, Difference: -0.0833538030144041
Profit: -0.8858420961269076, Difference: 0.4083887006412681
Profit: -0.38636283482264844, Difference: -0.03435887880652899
Profit: -0.7464155257687821, Difference: 0.128166693493867
Profit: -0.3873432195732107, Difference: 0.09027540269777035
Profit: -0.47558601547943624, Difference: -0.19545935282800997
Profit: -0.8152191033873493, Difference: 0.036228663658576465
Profit: -0.8387975630348166, Difference: -0.07878458327270721
Profit: -0.4386022014836328, Difference: 0.04367873594952698
Profit: -0.3513738509219877, Difference: 0.020293165489334797
Profit: -0.2997710501759627, Difference: 0.01909358545870532
Profit: -0.6830981336126314, Difference: -0.0606917852880855
Profit: -0.29280081904943245, Difference: -0.036793909503956
Profit: -0.3522088335575404, Difference: 0.038759868675910525
Profit: -0.2588892155248317, Difference: 0.018046661271881703
Profit: -0.3156815708625089, Difference: 0.021248361584270015
Profit: -0.6085602038709794, Difference: 0.016120849495081302
Profit: -0.28174975400717983, Difference: 0.010422403613063125
Profit: -0.3025903725612977, Difference: 0.05412840675610653
Profit: -0.316590684573697, Difference: -0.19205748097063235
Profit: -0.3345029250213827, Difference: 0.04958779520592316
Profit: -0.388417786891992, Difference: -0.00979475117414097
Profit: -0.35277341027799025, Difference: -0.09785830598087841
Profit: -0.8297946511962948, Difference: -0.034426782548294455
Profit: -0.3556955306436862, Difference: -0.12916911831248967
Profit: -0.3001726938527156, Difference: -0.07503737212879003
Profit: -0.44441453497384487, Difference: 0.03674785388358259
Profit: -0.44463994112470573, Difference: 0.03742560292093344
Profit: -0.6337400762692482, Difference: -0.07032383899912986
Profit: -0.5215193965274096, Difference: 0.09717978840006936
Profit: -0.40284020514796737, Difference: -0.08590926740235716
Profit: -0.9595674994546641, Difference: 0.6124524329220549
Profit: -0.34444709776400373, Difference: -0.19941473307476087
Profit: -0.30311729893618633, Difference: 0.05930670725008724
Profit: -0.277307588994006, Difference: -0.04975158972342797
Profit: -0.3421715136305181, Difference: 0.04545053493392004
Profit: -0.5060078914042236, Difference: 0.10288310215382523
Profit: -0.6963463192182218, Difference: 0.032211476111726256
Profit: -0.27497677836056766, Difference: -0.03661065586271661
Profit: -0.42092439647679214, Difference: 0.09142459591605245
Profit: -0.260371574679624, Difference: -0.169402990531907
Profit: -0.47001743583375344, Difference: 0.13324331893271335
Profit: -0.3103522835901913, Difference: -0.03377697538822133
Profit: -0.42068323941310837, Difference: 0.017291881788963792
Profit: -0.5675052871578856, Difference: -0.06645247039345747
Profit: -0.9054162810184891, Difference: 0.24641019181953538
Profit: -0.4182876946894112, Difference: 0.11813399486393905
Profit: -0.7873261458513952, Difference: 0.5018906258552249
Profit: -0.6824434302877336, Difference: 0.1176065104468762
Profit: -0.4039676325229635, Difference: -0.1471962405178573
Profit: -0.5842894485485175, Difference: -0.1876197634955048
Profit: -0.39655462173510614, Difference: 0.013857478588917616
Profit: -0.5449714133502255, Difference: -0.06436391006785414
Profit: -0.23065873976275952, Difference: -0.006942788761548968
Profit: -0.22492144890912869, Difference: -0.01147907156172323
Profit: -0.27754860512473556, Difference: 0.026704186535738472
Profit: -0.23241151312350894, Difference: -0.04188715168459112
Profit: -0.5767475190033764, Difference: -0.11763149149213348
Profit: -0.3052585252839606, Difference: 0.00987573730826341
Profit: -0.38858343109669136, Difference: 0.0
Profit: -0.30369643701240534, Difference: 0.0578899283803338
Profit: -0.2741929659489415, Difference: 0.04612992543530936
Profit: -0.41654980685558485, Difference: 0.1620560621532121
Profit: -0.40664614065327953, Difference: -0.013831473653823423
Profit: -0.3870982452226741, Difference: 0.0869146956507052
Profit: -0.41689042204930615, Difference: -0.0023074537141525298
Profit: -0.5383365080334812, Difference: 0.08420704280518976
Profit: -0.25323928526886164, Difference: -0.0361961098846848
Profit: -0.30108860003930715, Difference: 0.05003964877180067
Profit: -0.48672665517334224, Difference: 0.13033886416397422
Profit: -0.2850922403499112, Difference: -0.03361531258849482
Profit: -0.3534354793260803, Difference: -0.0649916344114132
Profit: -0.24621143549424573, Difference: -0.0027362992446029466
Profit: -0.3803030897760209, Difference: -0.08046728263811076
Profit: -0.42414972439499365, Difference: -0.4152276763398248
Profit: -0.3186116875670564, Difference: -0.181569013319546
Profit: -0.2612043506627231, Difference: -0.040916977229528584
Profit: -0.2687771442738409, Difference: 0.015324404249483337
Profit: -0.31206609617777303, Difference: -0.0009873562876521191
Profit: -0.32934483121157143, Difference: -0.0014725970913502806
Profit: -0.2681394347670363, Difference: -0.0016291264099237424
Profit: -0.5852503555084354, Difference: -0.004894015630526383
Profit: -0.2816695434489276, Difference: -0.0028707405395778096
Profit: -0.618729257950946, Difference: -0.018290688774868613
Profit: -0.42161075938004444, Difference: -0.001022955938694281
Profit: -0.5649332160031975, Difference: 0.026770511344508918
Profit: -0.3786611066908563, Difference: 0.029912408519408018
Profit: -0.3821022715794271, Difference: 0.12737597758778918
Profit: -0.41291860006268166, Difference: -0.03271963041964909
Profit: -0.44437808254345157, Difference: -0.002791637021360316
Profit: -0.33007285452079316, Difference: -0.005997392019295944
Profit: -0.22518450832366455, Difference: -0.2632718409175254
Profit: -0.277745997853728, Difference: -0.14455115258263618
Profit: -0.5256134331062299, Difference: -0.002280432971247137
Profit: -0.2467940785186329, Difference: -0.053449725267626036
Profit: -0.3620837948169964, Difference: -0.08616509081930701
Profit: -0.7642874373510296, Difference: 0.45565284677464035
Profit: -0.41511562825139947, Difference: -0.04639458561358367
Profit: -0.28337793553632196, Difference: -0.04069725389526013
Profit: -0.2885078826330272, Difference: -0.02628825790884548
Profit: -0.28696893960197656, Difference: -0.059109315428116815
Profit: -0.34899870459705085, Difference: 0.02324511055626033
Profit: -0.38056658357480444, Difference: -0.02996590040271485
Profit: -0.3584517640084641, Difference: -0.01976186344856501
Profit: -0.6433675879290064, Difference: 0.15973735114481258
Profit: -0.39621499245181724, Difference: 0.046200033470910284
Profit: -0.42624506106822935, Difference: -0.05262422895704333
Profit: -0.5099190944293213, Difference: 0.027098961270567656
Profit: -0.307977698864363, Difference: -0.05508291391934961
Profit: -0.6109431844685531, Difference: 0.05670984949772162
Profit: -0.5028636406203049, Difference: -0.036300466941270315
Profit: -0.3513925498483843, Difference: -0.00781772518313062
Profit: -0.3240061218506298, Difference: 0.006472927759602953
Profit: -0.4986094280708784, Difference: 0.06479723505810853
Profit: -0.5505404954497806, Difference: -0.007107784091999747
Profit: -0.39401234504491356, Difference: 0.03508850729745916
Profit: -0.2833051899853132, Difference: -0.12640940473497153
Profit: -0.4611476834803767, Difference: -0.07856263008407893
Profit: -0.42633446707510814, Difference: -0.06373088788191694
Profit: -0.24813567616790522, Difference: 0.0011429120837647133
Profit: -0.28568902882133784, Difference: 0.029693718108546818
Profit: -0.2745618303285937, Difference: -0.003279983601089498
Profit: -0.29546006216904175, Difference: 0.007076093139033901
Profit: -0.36347999177971246, Difference: 0.03670610668525853
Profit: -0.3553571082286595, Difference: 0.01368301409050332
Profit: -0.3480787655567923, Difference: 0.041468590331589894
Profit: -0.33049705917368044, Difference: 0.03622241293712136
Profit: -0.4318653172784934, Difference: 0.03085948696194407
Profit: -0.6333386776239394, Difference: 0.1127067744787098
Profit: -0.3848971801682666, Difference: 0.02157927270256721
Profit: -0.38624174656344223, Difference: 0.0028972217891976015
Profit: -0.2987707943836142, Difference: -0.02739040814657301
Profit: -0.3864371021673776, Difference: 0.002716260158535988
Profit: -0.3381401635438692, Difference: -0.03920459941571153
Profit: -1.4789735308958711, Difference: 1.0728549130770375
Profit: -0.31132875703123375, Difference: -0.007086860029900777
Profit: -0.29635022638369435, Difference: -0.08335522042179377
